<?xml version="1.0" encoding="UTF-8"?>
<testsuite name="WizardTD.BoardTest" tests="1" skipped="0" failures="0" errors="0" timestamp="2023-10-06T13:13:53" hostname="Ians-MacBook-Pro.local" time="2.363">
  <properties/>
  <testcase name="testLoadLayout()" classname="WizardTD.BoardTest" time="2.363"/>
  <system-out><![CDATA[]]></system-out>
  <system-err><![CDATA[]]></system-err>
</testsuite>
