<?xml version="1.0" encoding="UTF-8"?>
<testsuite name="WizardTD.subtiles.ShrubTileTest" tests="2" skipped="0" failures="0" errors="0" timestamp="2023-10-02T12:33:54" hostname="Ians-MacBook-Pro.local" time="0.005">
  <properties/>
  <testcase name="testRender()" classname="WizardTD.subtiles.ShrubTileTest" time="0.002"/>
  <testcase name="testConstructor()" classname="WizardTD.subtiles.ShrubTileTest" time="0.0"/>
  <system-out><![CDATA[]]></system-out>
  <system-err><![CDATA[]]></system-err>
</testsuite>
