<?xml version="1.0" encoding="UTF-8"?>
<testsuite name="WizardTD.AppTest" tests="1" skipped="0" failures="0" errors="0" timestamp="2023-10-17T05:38:07" hostname="Ians-MacBook-Pro.local" time="0.083">
  <properties/>
  <testcase name="testConstructor()" classname="WizardTD.AppTest" time="0.083"/>
  <system-out><![CDATA[]]></system-out>
  <system-err><![CDATA[]]></system-err>
</testsuite>
