<?xml version="1.0" encoding="UTF-8"?>
<testsuite name="WizardTD.SampleTest" tests="1" skipped="0" failures="0" errors="0" timestamp="2023-10-06T13:13:55" hostname="Ians-MacBook-Pro.local" time="0.001">
  <properties/>
  <testcase name="simpleTest()" classname="WizardTD.SampleTest" time="0.001"/>
  <system-out><![CDATA[]]></system-out>
  <system-err><![CDATA[]]></system-err>
</testsuite>
