<?xml version="1.0" encoding="UTF-8"?>
<testsuite name="WizardTD.SampleTest" tests="1" skipped="0" failures="0" errors="0" timestamp="2023-10-02T12:33:53" hostname="Ians-MacBook-Pro.local" time="0.003">
  <properties/>
  <testcase name="simpleTest()" classname="WizardTD.SampleTest" time="0.003"/>
  <system-out><![CDATA[]]></system-out>
  <system-err><![CDATA[]]></system-err>
</testsuite>
