<?xml version="1.0" encoding="UTF-8"?>
<testsuite name="WizardTD.subtiles.GrassTileTest" tests="2" skipped="0" failures="0" errors="0" timestamp="2023-10-17T06:03:39" hostname="Ians-MacBook-Pro.local" time="0.014">
  <properties/>
  <testcase name="testRender()" classname="WizardTD.subtiles.GrassTileTest" time="0.014"/>
  <testcase name="testConstructor()" classname="WizardTD.subtiles.GrassTileTest" time="0.0"/>
  <system-out><![CDATA[]]></system-out>
  <system-err><![CDATA[]]></system-err>
</testsuite>
