<?xml version="1.0" encoding="UTF-8"?>
<testsuite name="WizardTD.SampleTest" tests="1" skipped="0" failures="0" errors="0" timestamp="2023-09-20T15:05:34" hostname="Ians-MacBook-Pro.local" time="0.021">
  <properties/>
  <testcase name="simpleTest()" classname="WizardTD.SampleTest" time="0.021"/>
  <system-out><![CDATA[]]></system-out>
  <system-err><![CDATA[]]></system-err>
</testsuite>
